<?xml version="1.0" encoding="UTF-8"?>
<testng-results ignored="0" total="1" passed="1" failed="0" skipped="0">
  <reporter-output>
  </reporter-output>
  <suite started-at="2025-03-25T17:49:21 IST" name="Default suite" finished-at="2025-03-25T17:49:25 IST" duration-ms="4062">
    <groups>
    </groups>
    <test started-at="2025-03-25T17:49:21 IST" name="Default test" finished-at="2025-03-25T17:49:25 IST" duration-ms="4062">
      <class name="testScripts.RelativeLocators">
        <test-method signature="test()[pri:0, instance:testScripts.RelativeLocators@791f145a]" started-at="2025-03-25T17:49:21 IST" name="test" finished-at="2025-03-25T17:49:25 IST" duration-ms="3996" status="PASS">
          <reporter-output>
          </reporter-output>
        </test-method> <!-- test -->
      </class> <!-- testScripts.RelativeLocators -->
    </test> <!-- Default test -->
  </suite> <!-- Default suite -->
</testng-results>
